[debug] [2022-05-28T13:43:21.065Z] ----------------------------------------------------------------------
[debug] [2022-05-28T13:43:21.067Z] Command:       C:\Program Files\nodejs\node.exe C:\Users\sayed\AppData\Roaming\npm\node_modules\firebase-tools\lib\bin\firebase.js init
[debug] [2022-05-28T13:43:21.068Z] CLI Version:   11.0.1
[debug] [2022-05-28T13:43:21.068Z] Platform:      win32
[debug] [2022-05-28T13:43:21.068Z] Node Version:  v17.7.1
[debug] [2022-05-28T13:43:21.074Z] Time:          Sat May 28 2022 19:43:21 GMT+0600 (Bangladesh Standard Time)
[debug] [2022-05-28T13:43:21.075Z] ----------------------------------------------------------------------
[debug] 
[debug] [2022-05-28T13:43:21.170Z] > command requires scopes: ["email","openid","https://www.googleapis.com/auth/cloudplatformprojects.readonly","https://www.googleapis.com/auth/firebase","https://www.googleapis.com/auth/cloud-platform"]
[debug] [2022-05-28T13:43:21.171Z] > authorizing via signed-in user (sayedhasan973@gmail.com)
[info] 
     ######## #### ########  ######## ########     ###     ######  ########
     ##        ##  ##     ## ##       ##     ##  ##   ##  ##       ##
     ######    ##  ########  ######   ########  #########  ######  ######
     ##        ##  ##    ##  ##       ##     ## ##     ##       ## ##
     ##       #### ##     ## ######## ########  ##     ##  ######  ########

You're about to initialize a Firebase project in this directory:

  C:\projects\assignment-12-claint

Before we get started, keep in mind:

  * You are currently outside your home directory
  * You are initializing within an existing Firebase project directory

[info] 
=== Project Setup
[info] 
[info] First, let's associate this project directory with a Firebase project.
[info] You can create multiple project aliases by running firebase use --add, 
[info] but for now we'll just set up a default project.
[info] 
[debug] [2022-05-28T13:43:29.751Z] Using project from CLI flag: assignment-12-86f99
[debug] [2022-05-28T13:43:29.753Z] > refreshing access token with scopes: []
[debug] [2022-05-28T13:43:29.754Z] >>> HTTP REQUEST POST https://www.googleapis.com/oauth2/v3/token  
 <request body omitted>
[debug] [2022-05-28T13:43:40.132Z] <<< HTTP RESPONSE 200 {"pragma":"no-cache","expires":"Mon, 01 Jan 1990 00:00:00 GMT","date":"Sat, 28 May 2022 13:43:39 GMT","cache-control":"no-cache, no-store, max-age=0, must-revalidate","content-type":"application/json; charset=utf-8","vary":"X-Origin, Referer, Origin,Accept-Encoding","server":"scaffolding on HTTPServer2","x-xss-protection":"0","x-frame-options":"SAMEORIGIN","x-content-type-options":"nosniff","alt-svc":"h3=\":443\"; ma=2592000,h3-29=\":443\"; ma=2592000,h3-Q050=\":443\"; ma=2592000,h3-Q046=\":443\"; ma=2592000,h3-Q043=\":443\"; ma=2592000,quic=\":443\"; ma=2592000; v=\"46,43\"","accept-ranges":"none","transfer-encoding":"chunked"}
[debug] [2022-05-28T13:43:40.143Z] >>> [apiv2][query] GET https://firebase.googleapis.com/v1beta1/projects/assignment-12-86f99 [none]
[debug] [2022-05-28T13:43:40.884Z] <<< [apiv2][status] GET https://firebase.googleapis.com/v1beta1/projects/assignment-12-86f99 200
[debug] [2022-05-28T13:43:40.884Z] <<< [apiv2][body] GET https://firebase.googleapis.com/v1beta1/projects/assignment-12-86f99 {"projectId":"assignment-12-86f99","projectNumber":"501506981621","displayName":"assignment-12","name":"projects/assignment-12-86f99","resources":{"hostingSite":"assignment-12-86f99"},"state":"ACTIVE"}
[info] i  Using project assignment-12-86f99 (assignment-12) 
[info] 
=== Hosting Setup
[info] 
[info] Your public directory is the folder (relative to your project directory) that
[info] will contain Hosting assets to be uploaded with firebase deploy. If you
[info] have a build process for your assets, use your build's output directory.
[info] 
[debug] [2022-05-28T13:44:04.044Z] >>> [apiv2][query] GET https://www.gstatic.com/firebasejs/releases.json [none]
[debug] [2022-05-28T13:44:04.232Z] <<< [apiv2][status] GET https://www.gstatic.com/firebasejs/releases.json 200
[debug] [2022-05-28T13:44:04.232Z] <<< [apiv2][body] GET https://www.gstatic.com/firebasejs/releases.json {"current":{"version":"9.8.2","browserURL":"https://www.gstatic.com/firebasejs/9.8.2/firebase.js","packageURL":"https://www.gstatic.com/firebasejs/9.8.2/firebase.tgz"},"live":{"version":"9.8","browserURL":"https://www.gstatic.com/firebasejs/live/9.8/firebase.js","packageURL":"https://www.gstatic.com/firebasejs/live/9.8/firebase.tgz"},"components":{"analytics":"https://www.gstatic.com/firebasejs/9.8.2/firebase-analytics.js","app":"https://www.gstatic.com/firebasejs/9.8.2/firebase-app.js","app-check":"https://www.gstatic.com/firebasejs/9.8.2/firebase-app-check.js","auth":"https://www.gstatic.com/firebasejs/9.8.2/firebase-auth.js","auth/cordova":"https://www.gstatic.com/firebasejs/9.8.2/firebase-auth/cordova.js","auth/react-native":"https://www.gstatic.com/firebasejs/9.8.2/firebase-auth/react-native.js","functions":"https://www.gstatic.com/firebasejs/9.8.2/firebase-functions.js","firestore":"https://www.gstatic.com/firebasejs/9.8.2/firebase-firestore.js","firestore/lite":"https://www.gstatic.com/firebasejs/9.8.2/firebase-firestore/lite.js","storage":"https://www.gstatic.com/firebasejs/9.8.2/firebase-storage.js","performance":"https://www.gstatic.com/firebasejs/9.8.2/firebase-performance.js","remote-config":"https://www.gstatic.com/firebasejs/9.8.2/firebase-remote-config.js","messaging":"https://www.gstatic.com/firebasejs/9.8.2/firebase-messaging.js","messaging/sw":"https://www.gstatic.com/firebasejs/9.8.2/firebase-messaging/sw.js","database":"https://www.gstatic.com/firebasejs/9.8.2/firebase-database.js","firestore.memory":"https://www.gstatic.com/firebasejs/9.8.2/firebase-firestore.memory.js"}}
[info] +  Wrote public/index.html 
[info] 
[info] i  Detected a .git folder at C:\projects\assignment-12-claint 
[info] i  Authorizing with GitHub to upload your service account to a GitHub repository's secrets store. 
[info] 
[info] Visit this URL on this device to log in:
[info] https://github.com/login/oauth/authorize?client_id=89cf50f02ac6aaed3484&state=290784667&redirect_uri=http%3A%2F%2Flocalhost%3A9005&scope=read%3Auser%20repo%20public_repo
[info] 
[info] Waiting for authentication...
[debug] [2022-05-28T13:44:12.490Z] >>> HTTP REQUEST POST https://github.com/login/oauth/access_token  
 {"client_id":"89cf50f02ac6aaed3484","client_secret":"3330d14abc895d9a74d5f17cd7a00711fa2c5bf0","code":"d38488db1f5826175e6f","redirect_uri":"http://localhost:9005","state":"290784667"}
[debug] [2022-05-28T13:44:13.110Z] <<< HTTP RESPONSE 200 {"server":"GitHub.com","date":"Sat, 28 May 2022 13:44:12 GMT","content-type":"application/json; charset=utf-8","transfer-encoding":"chunked","vary":"X-PJAX, X-PJAX-Container, Turbo-Visit, Turbo-Frame, Accept-Encoding, Accept, X-Requested-With","permissions-policy":"interest-cohort=()","etag":"W/\"b881d3383c32674f812be3ece86f7c7c\"","cache-control":"max-age=0, private, must-revalidate","strict-transport-security":"max-age=31536000; includeSubdomains; preload","x-frame-options":"deny","x-content-type-options":"nosniff","x-xss-protection":"0","referrer-policy":"origin-when-cross-origin, strict-origin-when-cross-origin","expect-ct":"max-age=2592000, report-uri=\"https://api.github.com/_private/browser/errors\"","content-security-policy":"default-src 'none'; base-uri 'self'; block-all-mixed-content; child-src github.com/assets-cdn/worker/ gist.github.com/assets-cdn/worker/; connect-src 'self' uploads.github.com objects-origin.githubusercontent.com www.githubstatus.com collector.github.com raw.githubusercontent.com api.github.com github-cloud.s3.amazonaws.com github-production-repository-file-5c1aeb.s3.amazonaws.com github-production-upload-manifest-file-7fdce7.s3.amazonaws.com github-production-user-asset-6210df.s3.amazonaws.com cdn.optimizely.com logx.optimizely.com/v1/events *.actions.githubusercontent.com wss://*.actions.githubusercontent.com online.visualstudio.com/api/v1/locations github-production-repository-image-32fea6.s3.amazonaws.com github-production-release-asset-2e65be.s3.amazonaws.com insights.github.com wss://alive.github.com; font-src github.githubassets.com; form-action 'self' github.com gist.github.com objects-origin.githubusercontent.com; frame-ancestors 'none'; frame-src render.githubusercontent.com viewscreen.githubusercontent.com notebooks.githubusercontent.com; img-src 'self' data: github.githubassets.com identicons.github.com github-cloud.s3.amazonaws.com secured-user-images.githubusercontent.com/ github-production-user-asset-6210df.s3.amazonaws.com *.githubusercontent.com; manifest-src 'self'; media-src github.com user-images.githubusercontent.com/; script-src github.githubassets.com; style-src 'unsafe-inline' github.githubassets.com; worker-src github.com/assets-cdn/worker/ gist.github.com/assets-cdn/worker/","x-github-request-id":"D4CA:4FF5:41E661:530E25:6292272C"}
[debug] [2022-05-28T13:44:13.129Z] >>> [apiv2][query] GET https://api.github.com/user [none]
[debug] [2022-05-28T13:44:13.721Z] <<< [apiv2][status] GET https://api.github.com/user 200
[debug] [2022-05-28T13:44:13.722Z] <<< [apiv2][body] GET https://api.github.com/user {"login":"sayedhasan019283","id":96794342,"node_id":"U_kgDOBcT25g","avatar_url":"https://avatars.githubusercontent.com/u/96794342?v=4","gravatar_id":"","url":"https://api.github.com/users/sayedhasan019283","html_url":"https://github.com/sayedhasan019283","followers_url":"https://api.github.com/users/sayedhasan019283/followers","following_url":"https://api.github.com/users/sayedhasan019283/following{/other_user}","gists_url":"https://api.github.com/users/sayedhasan019283/gists{/gist_id}","starred_url":"https://api.github.com/users/sayedhasan019283/starred{/owner}{/repo}","subscriptions_url":"https://api.github.com/users/sayedhasan019283/subscriptions","organizations_url":"https://api.github.com/users/sayedhasan019283/orgs","repos_url":"https://api.github.com/users/sayedhasan019283/repos","events_url":"https://api.github.com/users/sayedhasan019283/events{/privacy}","received_events_url":"https://api.github.com/users/sayedhasan019283/received_events","type":"User","site_admin":false,"name":null,"company":null,"blog":"","location":null,"email":null,"hireable":null,"bio":null,"twitter_username":null,"public_repos":14,"public_gists":0,"followers":0,"following":1,"created_at":"2021-12-28T19:31:28Z","updated_at":"2022-04-18T17:39:35Z","private_gists":0,"total_private_repos":0,"owned_private_repos":0,"disk_usage":71279,"collaborators":0,"two_factor_authentication":false,"plan":{"name":"free","space":976562499,"collaborators":0,"private_repos":10000}}
[info] 
[info] +  Success! Logged into GitHub as sayedhasan019283 
[info] 
[debug] [2022-05-28T13:45:41.594Z] >>> [apiv2][query] GET https://api.github.com/repos//actions/secrets/public-key type=owner
[debug] [2022-05-28T13:45:42.134Z] <<< [apiv2][status] GET https://api.github.com/repos//actions/secrets/public-key 404
[debug] [2022-05-28T13:45:42.134Z] <<< [apiv2][body] GET https://api.github.com/repos//actions/secrets/public-key {"message":"Not Found","documentation_url":"https://docs.github.com/rest"}
